#
# There is insufficient memory for the Java Runtime Environment to continue.
# Native memory allocation (malloc) failed to allocate 67776 bytes for Chunk::new
# Possible reasons:
#   The system is out of physical RAM or swap space
#   The process is running with CompressedOops enabled, and the Java Heap may be blocking the growth of the native heap
# Possible solutions:
#   Reduce memory load on the system
#   Increase physical memory or swap space
#   Check if swap backing store is full
#   Decrease Java heap size (-Xmx/-Xms)
#   Decrease number of Java threads
#
#  
# Failed to write core dump. Minidumps are not enabled by default on client versions of Windows
#

---------------  T H R E A D  ---------------

Current thread (0x0000000019fe3000):  JavaThread "C2 CompilerThread2" daemon [_thread_in_native, id=15716, stack(0x000000001aaa0000,0x000000001aba0000)]

Stack: [0x000000001aaa0000,0x000000001aba0000]
[error occurred during error reporting (printing stack bounds), id 0xc0000005]

Native frames: (J=compiled Java code, j=interpreted, Vv=VM code, C=native code)


Current CompileTask:
C2: 168448 2694       4       com.formdev.flatlaf.ui.FlatWindowsNativeWindowBorder$WndProc::scaleDown (60 bytes)


---------------  P R O C E S S  ---------------

Java Threads: ( => current thread )
  0x000000001b6ed800 JavaThread "Image Fetcher 0" daemon [_thread_blocked, id=8440, stack(0x0000000001630000,0x0000000001730000)]
  0x000000001b6ec000 JavaThread "Thread-7" [_thread_blocked, id=1796, stack(0x000000001e5e0000,0x000000001e6e0000)]
  0x000000001b6dc000 JavaThread "Thread-3" [_thread_blocked, id=11608, stack(0x000000001e1e0000,0x000000001e2e0000)]
  0x000000001b669000 JavaThread "Thread-2" [_thread_blocked, id=27724, stack(0x000000001d6e0000,0x000000001d7e0000)]
  0x000000001b4b8800 JavaThread "TimerQueue" daemon [_thread_blocked, id=9904, stack(0x000000001ccd0000,0x000000001cdd0000)]
  0x000000001b17b000 JavaThread "Abandoned connection cleanup thread" daemon [_thread_blocked, id=26252, stack(0x000000001c6d0000,0x000000001c7d0000)]
  0x000000000304e800 JavaThread "DestroyJavaVM" [_thread_blocked, id=21024, stack(0x00000000030e0000,0x00000000031e0000)]
  0x000000001b19a000 JavaThread "AWT-EventQueue-0" [_thread_in_native, id=22548, stack(0x000000001c3d0000,0x000000001c4d0000)]
  0x000000001b119800 JavaThread "AWT-Windows" daemon [_thread_in_native, id=23200, stack(0x000000001b9f0000,0x000000001baf0000)]
  0x000000001b117000 JavaThread "AWT-Shutdown" [_thread_blocked, id=4696, stack(0x000000001b8f0000,0x000000001b9f0000)]
  0x000000001b116000 JavaThread "Java2D Disposer" daemon [_thread_blocked, id=5788, stack(0x000000001b7f0000,0x000000001b8f0000)]
  0x000000001a06a000 JavaThread "Service Thread" daemon [_thread_blocked, id=18396, stack(0x000000001aca0000,0x000000001ada0000)]
  0x0000000019fe7000 JavaThread "C1 CompilerThread3" daemon [_thread_blocked, id=30848, stack(0x000000001aba0000,0x000000001aca0000)]
=>0x0000000019fe3000 JavaThread "C2 CompilerThread2" daemon [_thread_in_native, id=15716, stack(0x000000001aaa0000,0x000000001aba0000)]
  0x0000000019fd7800 JavaThread "C2 CompilerThread1" daemon [_thread_blocked, id=26536, stack(0x000000001a9a0000,0x000000001aaa0000)]
  0x0000000019fd4800 JavaThread "C2 CompilerThread0" daemon [_thread_blocked, id=30948, stack(0x000000001a8a0000,0x000000001a9a0000)]
  0x0000000019fd1800 JavaThread "Attach Listener" daemon [_thread_blocked, id=17588, stack(0x000000001a7a0000,0x000000001a8a0000)]
  0x0000000019fd0000 JavaThread "Signal Dispatcher" daemon [_thread_blocked, id=31088, stack(0x000000001a6a0000,0x000000001a7a0000)]
  0x0000000019fc1800 JavaThread "Finalizer" daemon [_thread_blocked, id=17136, stack(0x000000001a4a0000,0x000000001a5a0000)]
  0x0000000019fc0800 JavaThread "Reference Handler" daemon [_thread_blocked, id=30424, stack(0x000000001a3a0000,0x000000001a4a0000)]

Other Threads:
  0x00000000181c9000 VMThread [stack: 0x0000000019ea0000,0x0000000019fa0000] [id=1716]
  0x000000001a07d000 WatcherThread [stack: 0x000000001ada0000,0x000000001aea0000] [id=24808]

VM state:not at safepoint (normal execution)

VM Mutex/Monitor currently owned by a thread: None

heap address: 0x0000000082800000, size: 2008 MB, Compressed Oops mode: 32-bit
Narrow klass base: 0x0000000000000000, Narrow klass shift: 3
Compressed class space size: 1073741824 Address: 0x0000000100000000

Heap:
 PSYoungGen      total 245248K, used 55378K [0x00000000d6300000, 0x00000000ff900000, 0x0000000100000000)
  eden space 228352K, 24% used [0x00000000d6300000,0x00000000d9914800,0x00000000e4200000)
  from space 16896K, 0% used [0x00000000e4200000,0x00000000e4200000,0x00000000e5280000)
  to   space 224768K, 0% used [0x00000000f1d80000,0x00000000f1d80000,0x00000000ff900000)
 ParOldGen       total 1371136K, used 1371092K [0x0000000082800000, 0x00000000d6300000, 0x00000000d6300000)
  object space 1371136K, 99% used [0x0000000082800000,0x00000000d62f5228,0x00000000d6300000)
 Metaspace       used 18885K, capacity 19392K, committed 19712K, reserved 1067008K
  class space    used 2324K, capacity 2469K, committed 2560K, reserved 1048576K

Card table byte_map: [0x00000000126a0000,0x0000000012a90000] byte_map_base: 0x000000001228c000

Marking Bits: (ParMarkBitMap*) 0x000000005e095ce0
 Begin Bits: [0x0000000013530000, 0x0000000015490000)
 End Bits:   [0x0000000015490000, 0x00000000173f0000)

Polling page: 0x00000000017a0000

CodeCache: size=245760Kb used=7902Kb max_used=7985Kb free=237857Kb
 bounds [0x00000000032e0000, 0x0000000003ac0000, 0x00000000122e0000]
 total_blobs=3012 nmethods=2404 adapters=520
 compilation: enabled

Compilation events (10 events):
Event: 144.096 Thread 0x0000000019fe7000 nmethod 2689 0x00000000036aa0d0 code [0x00000000036aa220, 0x00000000036aa330]
Event: 156.070 Thread 0x0000000019fe7000 2690   !   3       java.lang.ThreadGroup::threadTerminated (63 bytes)
Event: 156.071 Thread 0x0000000019fe7000 nmethod 2690 0x00000000036a9810 code [0x00000000036a99a0, 0x00000000036a9f68]
Event: 158.289 Thread 0x0000000019fe7000 2691       3       sun.awt.image.ImageRepresentation::<init> (92 bytes)
Event: 158.298 Thread 0x0000000019fe7000 nmethod 2691 0x00000000036a8a50 code [0x00000000036a8c20, 0x00000000036a9568]
Event: 162.640 Thread 0x0000000019fe7000 2692       3       java.util.Date::<init> (10 bytes)
Event: 162.640 Thread 0x0000000019fe7000 nmethod 2692 0x0000000003a289d0 code [0x0000000003a28b20, 0x0000000003a28cd0]
Event: 163.403 Thread 0x0000000019fe7000 2693       3       java.lang.Thread::exit (51 bytes)
Event: 163.405 Thread 0x0000000019fe7000 nmethod 2693 0x0000000003a284d0 code [0x0000000003a28640, 0x0000000003a288e8]
Event: 168.372 Thread 0x0000000019fe3000 2694       4       com.formdev.flatlaf.ui.FlatWindowsNativeWindowBorder$WndProc::scaleDown (60 bytes)

GC Heap History (10 events):
Event: 150.308 GC heap before
{Heap before GC invocations=79 (full 8):
 PSYoungGen      total 245248K, used 16687K [0x00000000d6300000, 0x00000000ff900000, 0x0000000100000000)
  eden space 228352K, 0% used [0x00000000d6300000,0x00000000d6300000,0x00000000e4200000)
  from space 16896K, 98% used [0x00000000e4200000,0x00000000e524bde8,0x00000000e5280000)
  to   space 224768K, 0% used [0x00000000f1d80000,0x00000000f1d80000,0x00000000ff900000)
 ParOldGen       total 1371136K, used 1329627K [0x0000000082800000, 0x00000000d6300000, 0x00000000d6300000)
  object space 1371136K, 96% used [0x0000000082800000,0x00000000d3a76ff8,0x00000000d6300000)
 Metaspace       used 18883K, capacity 19392K, committed 19712K, reserved 1067008K
  class space    used 2324K, capacity 2469K, committed 2560K, reserved 1048576K
Event: 155.279 GC heap after
Heap after GC invocations=79 (full 8):
 PSYoungGen      total 245248K, used 0K [0x00000000d6300000, 0x00000000ff900000, 0x0000000100000000)
  eden space 228352K, 0% used [0x00000000d6300000,0x00000000d6300000,0x00000000e4200000)
  from space 16896K, 0% used [0x00000000e4200000,0x00000000e4200000,0x00000000e5280000)
  to   space 224768K, 0% used [0x00000000f1d80000,0x00000000f1d80000,0x00000000ff900000)
 ParOldGen       total 1371136K, used 1344991K [0x0000000082800000, 0x00000000d6300000, 0x00000000d6300000)
  object space 1371136K, 98% used [0x0000000082800000,0x00000000d4977cf0,0x00000000d6300000)
 Metaspace       used 18883K, capacity 19392K, committed 19712K, reserved 1067008K
  class space    used 2324K, capacity 2469K, committed 2560K, reserved 1048576K
}
Event: 156.588 GC heap before
{Heap before GC invocations=80 (full 9):
 PSYoungGen      total 245248K, used 228352K [0x00000000d6300000, 0x00000000ff900000, 0x0000000100000000)
  eden space 228352K, 100% used [0x00000000d6300000,0x00000000e4200000,0x00000000e4200000)
  from space 16896K, 0% used [0x00000000e4200000,0x00000000e4200000,0x00000000e5280000)
  to   space 224768K, 0% used [0x00000000f1d80000,0x00000000f1d80000,0x00000000ff900000)
 ParOldGen       total 1371136K, used 1344991K [0x0000000082800000, 0x00000000d6300000, 0x00000000d6300000)
  object space 1371136K, 98% used [0x0000000082800000,0x00000000d4977cf0,0x00000000d6300000)
 Metaspace       used 18884K, capacity 19392K, committed 19712K, reserved 1067008K
  class space    used 2324K, capacity 2469K, committed 2560K, reserved 1048576K
Event: 158.288 GC heap after
Heap after GC invocations=80 (full 9):
 PSYoungGen      total 245248K, used 0K [0x00000000d6300000, 0x00000000ff900000, 0x0000000100000000)
  eden space 228352K, 0% used [0x00000000d6300000,0x00000000d6300000,0x00000000e4200000)
  from space 16896K, 0% used [0x00000000e4200000,0x00000000e4200000,0x00000000e5280000)
  to   space 224768K, 0% used [0x00000000f1d80000,0x00000000f1d80000,0x00000000ff900000)
 ParOldGen       total 1371136K, used 1361379K [0x0000000082800000, 0x00000000d6300000, 0x00000000d6300000)
  object space 1371136K, 99% used [0x0000000082800000,0x00000000d5978e18,0x00000000d6300000)
 Metaspace       used 18884K, capacity 19392K, committed 19712K, reserved 1067008K
  class space    used 2324K, capacity 2469K, committed 2560K, reserved 1048576K
}
Event: 159.828 GC heap before
{Heap before GC invocations=81 (full 10):
 PSYoungGen      total 245248K, used 228352K [0x00000000d6300000, 0x00000000ff900000, 0x0000000100000000)
  eden space 228352K, 100% used [0x00000000d6300000,0x00000000e4200000,0x00000000e4200000)
  from space 16896K, 0% used [0x00000000e4200000,0x00000000e4200000,0x00000000e5280000)
  to   space 224768K, 0% used [0x00000000f1d80000,0x00000000f1d80000,0x00000000ff900000)
 ParOldGen       total 1371136K, used 1361379K [0x0000000082800000, 0x00000000d6300000, 0x00000000d6300000)
  object space 1371136K, 99% used [0x0000000082800000,0x00000000d5978e18,0x00000000d6300000)
 Metaspace       used 18885K, capacity 19392K, committed 19712K, reserved 1067008K
  class space    used 2324K, capacity 2469K, committed 2560K, reserved 1048576K
Event: 162.637 GC heap after
Heap after GC invocations=81 (full 10):
 PSYoungGen      total 245248K, used 6669K [0x00000000d6300000, 0x00000000ff900000, 0x0000000100000000)
  eden space 228352K, 2% used [0x00000000d6300000,0x00000000d6983490,0x00000000e4200000)
  from space 16896K, 0% used [0x00000000e4200000,0x00000000e4200000,0x00000000e5280000)
  to   space 224768K, 0% used [0x00000000f1d80000,0x00000000f1d80000,0x00000000ff900000)
 ParOldGen       total 1371136K, used 1371099K [0x0000000082800000, 0x00000000d6300000, 0x00000000d6300000)
  object space 1371136K, 99% used [0x0000000082800000,0x00000000d62f6fc8,0x00000000d6300000)
 Metaspace       used 18885K, capacity 19392K, committed 19712K, reserved 1067008K
  class space    used 2324K, capacity 2469K, committed 2560K, reserved 1048576K
}
Event: 163.854 GC heap before
{Heap before GC invocations=82 (full 11):
 PSYoungGen      total 245248K, used 228352K [0x00000000d6300000, 0x00000000ff900000, 0x0000000100000000)
  eden space 228352K, 100% used [0x00000000d6300000,0x00000000e4200000,0x00000000e4200000)
  from space 16896K, 0% used [0x00000000e4200000,0x00000000e4200000,0x00000000e5280000)
  to   space 224768K, 0% used [0x00000000f1d80000,0x00000000f1d80000,0x00000000ff900000)
 ParOldGen       total 1371136K, used 1371099K [0x0000000082800000, 0x00000000d6300000, 0x00000000d6300000)
  object space 1371136K, 99% used [0x0000000082800000,0x00000000d62f6fc8,0x00000000d6300000)
 Metaspace       used 18885K, capacity 19392K, committed 19712K, reserved 1067008K
  class space    used 2324K, capacity 2469K, committed 2560K, reserved 1048576K
Event: 165.150 GC heap after
Heap after GC invocations=82 (full 11):
 PSYoungGen      total 245248K, used 22570K [0x00000000d6300000, 0x00000000ff900000, 0x0000000100000000)
  eden space 228352K, 9% used [0x00000000d6300000,0x00000000d790a840,0x00000000e4200000)
  from space 16896K, 0% used [0x00000000e4200000,0x00000000e4200000,0x00000000e5280000)
  to   space 224768K, 0% used [0x00000000f1d80000,0x00000000f1d80000,0x00000000ff900000)
 ParOldGen       total 1371136K, used 1371092K [0x0000000082800000, 0x00000000d6300000, 0x00000000d6300000)
  object space 1371136K, 99% used [0x0000000082800000,0x00000000d62f5228,0x00000000d6300000)
 Metaspace       used 18885K, capacity 19392K, committed 19712K, reserved 1067008K
  class space    used 2324K, capacity 2469K, committed 2560K, reserved 1048576K
}
Event: 166.315 GC heap before
{Heap before GC invocations=83 (full 12):
 PSYoungGen      total 245248K, used 228352K [0x00000000d6300000, 0x00000000ff900000, 0x0000000100000000)
  eden space 228352K, 100% used [0x00000000d6300000,0x00000000e4200000,0x00000000e4200000)
  from space 16896K, 0% used [0x00000000e4200000,0x00000000e4200000,0x00000000e5280000)
  to   space 224768K, 0% used [0x00000000f1d80000,0x00000000f1d80000,0x00000000ff900000)
 ParOldGen       total 1371136K, used 1371092K [0x0000000082800000, 0x00000000d6300000, 0x00000000d6300000)
  object space 1371136K, 99% used [0x0000000082800000,0x00000000d62f5228,0x00000000d6300000)
 Metaspace       used 18885K, capacity 19392K, committed 19712K, reserved 1067008K
  class space    used 2324K, capacity 2469K, committed 2560K, reserved 1048576K
Event: 167.532 GC heap after
Heap after GC invocations=83 (full 12):
 PSYoungGen      total 245248K, used 37314K [0x00000000d6300000, 0x00000000ff900000, 0x0000000100000000)
  eden space 228352K, 16% used [0x00000000d6300000,0x00000000d8770be8,0x00000000e4200000)
  from space 16896K, 0% used [0x00000000e4200000,0x00000000e4200000,0x00000000e5280000)
  to   space 224768K, 0% used [0x00000000f1d80000,0x00000000f1d80000,0x00000000ff900000)
 ParOldGen       total 1371136K, used 1371092K [0x0000000082800000, 0x00000000d6300000, 0x00000000d6300000)
  object space 1371136K, 99% used [0x0000000082800000,0x00000000d62f5228,0x00000000d6300000)
 Metaspace       used 18885K, capacity 19392K, committed 19712K, reserved 1067008K
  class space    used 2324K, capacity 2469K, committed 2560K, reserved 1048576K
}

Deoptimization events (10 events):
Event: 0.754 Thread 0x000000001b119800 Uncommon trap: reason=class_check action=maybe_recompile pc=0x00000000035a51dc method=java.util.HashMap.putVal(ILjava/lang/Object;Ljava/lang/Object;ZZ)Ljava/lang/Object; @ 91
Event: 3.828 Thread 0x000000001b480800 Uncommon trap: reason=unstable_if action=reinterpret pc=0x00000000036456b4 method=java.lang.Math.round(F)I @ 23
Event: 4.827 Thread 0x000000001b480800 Uncommon trap: reason=unstable_if action=reinterpret pc=0x0000000003646bac method=sun.awt.image.IntegerInterleavedRaster.getDataElements(IILjava/lang/Object;)Ljava/lang/Object; @ 43
Event: 5.908 Thread 0x000000001b19a000 Uncommon trap: reason=bimorphic action=maybe_recompile pc=0x00000000037f4000 method=javax.swing.UIDefaults.getFromHashtable(Ljava/lang/Object;)Ljava/lang/Object; @ 231
Event: 5.932 Thread 0x000000001b480800 Uncommon trap: reason=unstable_if action=reinterpret pc=0x00000000037429e8 method=sun.awt.image.PNGImageDecoder.produceImage()V @ 867
Event: 11.072 Thread 0x000000001b19a000 Uncommon trap: reason=unstable_if action=reinterpret pc=0x0000000003869424 method=java.awt.Rectangle.inside(II)Z @ 35
Event: 11.339 Thread 0x000000001b19a000 Uncommon trap: reason=unstable_if action=reinterpret pc=0x00000000035c869c method=java.util.HashMap.putVal(ILjava/lang/Object;Ljava/lang/Object;ZZ)Ljava/lang/Object; @ 162
Event: 11.340 Thread 0x000000001b19a000 Uncommon trap: reason=unstable_if action=reinterpret pc=0x00000000035a4e34 method=java.util.HashMap.putVal(ILjava/lang/Object;Ljava/lang/Object;ZZ)Ljava/lang/Object; @ 162
Event: 12.970 Thread 0x000000001b480800 Uncommon trap: reason=range_check action=make_not_entrant pc=0x0000000003a1fcdc method=java.awt.image.DirectColorModel.setFields()V @ 65
Event: 21.249 Thread 0x000000001b119800 Uncommon trap: reason=unstable_if action=reinterpret pc=0x0000000003a27bfc method=com.formdev.flatlaf.ui.FlatWindowsNativeWindowBorder$WndProc.contains(Ljava/awt/Rectangle;II)Z @ 10

Classes redefined (0 events):
No events

Internal exceptions (10 events):
Event: 0.208 Thread 0x000000000304e800 Exception <a 'java/lang/NoSuchFieldError': method resolution failed> (0x00000000d6587588) thrown at [C:\re\workspace\8-2-build-windows-amd64-cygwin\jdk8u202\12323\hotspot\src\share\vm\prims\methodHandles.cpp, line 1167]
Event: 0.210 Thread 0x000000000304e800 Exception <a 'java/lang/NoSuchFieldError': method resolution failed> (0x00000000d6594b08) thrown at [C:\re\workspace\8-2-build-windows-amd64-cygwin\jdk8u202\12323\hotspot\src\share\vm\prims\methodHandles.cpp, line 1167]
Event: 0.283 Thread 0x000000000304e800 Exception <a 'java/io/FileNotFoundException'> (0x00000000d66ec128) thrown at [C:\re\workspace\8-2-build-windows-amd64-cygwin\jdk8u202\12323\hotspot\src\share\vm\prims\jni.cpp, line 710]
Event: 0.302 Thread 0x000000000304e800 Exception <a 'sun/nio/fs/WindowsException'> (0x00000000d6714f98) thrown at [C:\re\workspace\8-2-build-windows-amd64-cygwin\jdk8u202\12323\hotspot\src\share\vm\prims\jni.cpp, line 710]
Event: 0.539 Thread 0x000000001b19a000 Implicit null exception at 0x000000000353e64a to 0x000000000353e90d
Event: 4.827 Thread 0x000000001b480800 Implicit null exception at 0x0000000003646a3d to 0x0000000003646b91
Event: 9.401 Thread 0x000000001b19a000 Exception <a 'java/lang/NullPointerException'> (0x00000000d7895bd0) thrown at [C:\re\workspace\8-2-build-windows-amd64-cygwin\jdk8u202\12323\hotspot\src\share\vm\prims\jvm.cpp, line 1506]
Event: 9.401 Thread 0x000000001b19a000 Exception <a 'java/lang/NullPointerException'> (0x00000000d7895bd0) thrown at [C:\re\workspace\8-2-build-windows-amd64-cygwin\jdk8u202\12323\hotspot\src\share\vm\prims\jvm.cpp, line 1506]
Event: 9.587 Thread 0x000000001b19a000 Exception <a 'java/lang/NullPointerException'> (0x00000000d79269b0) thrown at [C:\re\workspace\8-2-build-windows-amd64-cygwin\jdk8u202\12323\hotspot\src\share\vm\prims\jvm.cpp, line 1506]
Event: 9.587 Thread 0x000000001b19a000 Exception <a 'java/lang/NullPointerException'> (0x00000000d79269b0) thrown at [C:\re\workspace\8-2-build-windows-amd64-cygwin\jdk8u202\12323\hotspot\src\share\vm\prims\jvm.cpp, line 1506]

Events (10 events):
Event: 165.637 Thread 0x000000001b6e8000 Thread added: 0x000000001b6e8000
Event: 165.637 Thread 0x000000001b6e9800 Thread added: 0x000000001b6e9800
Event: 166.293 Thread 0x000000001b6e7800 Thread exited: 0x000000001b6e7800
Event: 166.293 Thread 0x000000001b6e9000 Thread exited: 0x000000001b6e9000
Event: 166.293 Thread 0x000000001b6e8000 Thread exited: 0x000000001b6e8000
Event: 166.293 Thread 0x000000001b6eb000 Thread exited: 0x000000001b6eb000
Event: 166.293 Thread 0x000000001b6e9800 Thread exited: 0x000000001b6e9800
Event: 166.293 Thread 0x000000001b6ea800 Thread exited: 0x000000001b6ea800
Event: 166.315 Executing VM operation: ParallelGCFailedAllocation
Event: 167.532 Executing VM operation: ParallelGCFailedAllocation done


Dynamic libraries:
0x00007ff6cb430000 - 0x00007ff6cb467000 	C:\Program Files\Java\jdk1.8.0_202\bin\java.exe
0x00007fff4c7d0000 - 0x00007fff4c9e4000 	C:\WINDOWS\SYSTEM32\ntdll.dll
0x00007fff4b620000 - 0x00007fff4b6e2000 	C:\WINDOWS\System32\KERNEL32.DLL
0x00007fff49e60000 - 0x00007fff4a203000 	C:\WINDOWS\System32\KERNELBASE.dll
0x00007fff4b720000 - 0x00007fff4b7ce000 	C:\WINDOWS\System32\ADVAPI32.dll
0x00007fff4b8d0000 - 0x00007fff4b977000 	C:\WINDOWS\System32\msvcrt.dll
0x00007fff4b270000 - 0x00007fff4b314000 	C:\WINDOWS\System32\sechost.dll
0x00007fff4c670000 - 0x00007fff4c787000 	C:\WINDOWS\System32\RPCRT4.dll
0x00007fff4a5d0000 - 0x00007fff4a77b000 	C:\WINDOWS\System32\USER32.dll
0x00007fff4a210000 - 0x00007fff4a236000 	C:\WINDOWS\System32\win32u.dll
0x00007fff4c510000 - 0x00007fff4c539000 	C:\WINDOWS\System32\GDI32.dll
0x00007fff4a2b0000 - 0x00007fff4a3c9000 	C:\WINDOWS\System32\gdi32full.dll
0x00007fff4a490000 - 0x00007fff4a52a000 	C:\WINDOWS\System32\msvcp_win.dll
0x00007fff49d40000 - 0x00007fff49e51000 	C:\WINDOWS\System32\ucrtbase.dll
0x00007fff395e0000 - 0x00007fff3986e000 	C:\WINDOWS\WinSxS\amd64_microsoft.windows.common-controls_6595b64144ccf1df_6.0.22621.1635_none_270f70857386168e\COMCTL32.dll
0x00007fff4b230000 - 0x00007fff4b261000 	C:\WINDOWS\System32\IMM32.DLL
0x000000005e820000 - 0x000000005e8f2000 	C:\Program Files\Java\jdk1.8.0_202\jre\bin\msvcr100.dll
0x000000005d870000 - 0x000000005e115000 	C:\Program Files\Java\jdk1.8.0_202\jre\bin\server\jvm.dll
0x00007fff4b320000 - 0x00007fff4b328000 	C:\WINDOWS\System32\PSAPI.DLL
0x00007fff429d0000 - 0x00007fff42a04000 	C:\WINDOWS\SYSTEM32\WINMM.dll
0x00007fff37f20000 - 0x00007fff37f29000 	C:\WINDOWS\SYSTEM32\WSOCK32.dll
0x00007fff43c50000 - 0x00007fff43c5a000 	C:\WINDOWS\SYSTEM32\VERSION.dll
0x00007fff4b1b0000 - 0x00007fff4b221000 	C:\WINDOWS\System32\WS2_32.dll
0x00007fff45280000 - 0x00007fff4528f000 	C:\Program Files\Java\jdk1.8.0_202\jre\bin\verify.dll
0x00007fff45250000 - 0x00007fff45279000 	C:\Program Files\Java\jdk1.8.0_202\jre\bin\java.dll
0x00007fff42120000 - 0x00007fff42136000 	C:\Program Files\Java\jdk1.8.0_202\jre\bin\zip.dll
0x00007fff4bb40000 - 0x00007fff4c33a000 	C:\WINDOWS\System32\SHELL32.dll
0x00007fff47bd0000 - 0x00007fff4849e000 	C:\WINDOWS\SYSTEM32\windows.storage.dll
0x00007fff4a7f0000 - 0x00007fff4ab79000 	C:\WINDOWS\System32\combase.dll
0x00007fff47a90000 - 0x00007fff47bce000 	C:\WINDOWS\SYSTEM32\wintypes.dll
0x00007fff4b7d0000 - 0x00007fff4b8c1000 	C:\WINDOWS\System32\SHCORE.dll
0x00007fff4c4b0000 - 0x00007fff4c50e000 	C:\WINDOWS\System32\shlwapi.dll
0x00007fff49b00000 - 0x00007fff49b21000 	C:\WINDOWS\SYSTEM32\profapi.dll
0x00007fff2d250000 - 0x00007fff2d3e9000 	C:\Program Files\Java\jdk1.8.0_202\jre\bin\awt.dll
0x00007fff4c340000 - 0x00007fff4c417000 	C:\WINDOWS\System32\OLEAUT32.dll
0x00007fff46cb0000 - 0x00007fff46d47000 	C:\WINDOWS\SYSTEM32\apphelp.dll
0x00007fff46e30000 - 0x00007fff46edb000 	C:\WINDOWS\system32\uxtheme.dll
0x00007fff4b350000 - 0x00007fff4b477000 	C:\WINDOWS\System32\MSCTF.dll
0x00007fff4b480000 - 0x00007fff4b61c000 	C:\WINDOWS\System32\ole32.dll
0x00007fff48cc0000 - 0x00007fff48cd8000 	C:\WINDOWS\SYSTEM32\kernel.appcore.dll
0x00007fff4a530000 - 0x00007fff4a5ab000 	C:\WINDOWS\System32\bcryptPrimitives.dll
0x00007fff47240000 - 0x00007fff4726b000 	C:\WINDOWS\system32\DWMAPI.DLL
0x00007fff44820000 - 0x00007fff44827000 	C:\Program Files\Java\jdk1.8.0_202\jre\bin\jawt.dll
0x00007fff3f220000 - 0x00007fff3f23a000 	C:\Program Files\Java\jdk1.8.0_202\jre\bin\net.dll
0x00007fff38b00000 - 0x00007fff38cef000 	C:\WINDOWS\SYSTEM32\urlmon.dll
0x00007fff383b0000 - 0x00007fff38661000 	C:\WINDOWS\SYSTEM32\iertutil.dll
0x00007fff486d0000 - 0x00007fff486dc000 	C:\WINDOWS\SYSTEM32\netutils.dll
0x00007fff38680000 - 0x00007fff386a8000 	C:\WINDOWS\SYSTEM32\srvcli.dll
0x00007fff49180000 - 0x00007fff491e9000 	C:\WINDOWS\system32\mswsock.dll
0x00007fff3f200000 - 0x00007fff3f212000 	C:\Program Files\Java\jdk1.8.0_202\jre\bin\nio.dll
0x00007fff3eea0000 - 0x00007fff3eea6000 	C:\Users\ripal\AppData\Local\Temp\flatlaf.temp\flatlaf-windows-x86_64-10913736546940000.dll
0x00007fff3d2c0000 - 0x00007fff3d307000 	C:\Program Files\Java\jdk1.8.0_202\jre\bin\fontmanager.dll
0x00007fff37c80000 - 0x00007fff37d80000 	C:\WINDOWS\system32\opengl32.dll
0x00007fff3d0e0000 - 0x00007fff3d10d000 	C:\WINDOWS\SYSTEM32\GLU32.dll
0x00007fff470f0000 - 0x00007fff47128000 	C:\WINDOWS\SYSTEM32\dxcore.dll
0x0000000069340000 - 0x00000000693c5000 	C:\Users\ripal\AppData\Local\Temp\sqlite-3.7.2-sqlitejdbc.dll
0x00007fff3d270000 - 0x00007fff3d2b2000 	C:\Program Files\Java\jdk1.8.0_202\jre\bin\t2k.dll
0x00007fff3d1c0000 - 0x00007fff3d1f1000 	C:\Program Files\Java\jdk1.8.0_202\jre\bin\jpeg.dll
0x00007fff4ab80000 - 0x00007fff4ac30000 	C:\WINDOWS\System32\clbcatq.dll
0x00007fff45690000 - 0x00007fff45840000 	C:\WINDOWS\SYSTEM32\WindowsCodecs.dll
0x00007fff305e0000 - 0x00007fff3063e000 	C:\WINDOWS\system32\dataexchange.dll
0x00007fff343f0000 - 0x00007fff3465e000 	C:\WINDOWS\system32\twinapi.appcore.dll
0x00007fff258a0000 - 0x00007fff259cd000 	C:\WINDOWS\SYSTEM32\textinputframework.dll
0x00007fff2d220000 - 0x00007fff2d24a000 	C:\Program Files\Java\jdk1.8.0_202\jre\bin\dcpr.dll
0x00007fff46950000 - 0x00007fff46a83000 	C:\WINDOWS\SYSTEM32\CoreMessaging.dll
0x00007fff2f2b0000 - 0x00007fff2f61c000 	C:\WINDOWS\SYSTEM32\CoreUIComponents.dll
0x00007fff49400000 - 0x00007fff4940c000 	C:\WINDOWS\SYSTEM32\CRYPTBASE.DLL

VM Arguments:
jvm_args: -Dfile.encoding=UTF-8 
java_command: edu.unindra.kkp_kelompok4.main
java_class_path (initial): C:\Users\ripal\Downloads\mysql-connector-java-5.1.23-bin.jar;C:\Users\ripal\Downloads\Compressed\sqlite-jdbc-3.7.2.jar;C:\Users\ripal\Downloads\AnimatonClass.jar;C:\Program Files\NetBeans-15\netbeans\java\modules\ext\AbsoluteLayout.jar;C:\Users\ripal\Downloads\Compressed\jcalendar-1.4.jar\jcalendar-1.4.jar;C:\Users\ripal\Downloads\flatlaf-demo-3.1.1.jar;C:\Users\ripal\Downloads\Compressed\lib\lib\JasperReport\commons-beanutils-1.8.2.jar;C:\Users\ripal\Downloads\Compressed\lib\lib\JasperReport\commons-collections-3.2.1.jar;C:\Users\ripal\Downloads\Compressed\lib\lib\JasperReport\commons-digester-2.1.jar;C:\Users\ripal\Downloads\Compressed\lib\lib\JasperReport\commons-logging-1.1.jar;C:\Users\ripal\Downloads\Compressed\lib\lib\JasperReport\groovy-all-2.0.1.jar;C:\Users\ripal\Downloads\Compressed\lib\lib\JasperReport\iText-2.1.7.js2.jar;C:\Users\ripal\Downloads\Compressed\lib\lib\JasperReport\jasperreports-5.6.0.jar;C:\Users\ripal\Downloads\Compressed\lib\lib\JasperReport\org-jdesktop-layout.jar;C:\Users\ripal\Downloads\swingx-all-1.6.4.jar;D:\Kuliah\Aplikasi\KasirProject 0106\ProjectKasir\build\classes
Launcher Type: SUN_STANDARD

Environment Variables:
PATH=C:\Program Files\Common Files\Oracle\Java\javapath;C:\Program Files (x86)\Common Files\Oracle\Java\javapath;C:\Windows\system32;C:\Windows;C:\Windows\System32\Wbem;C:\Windows\System32\WindowsPowerShell\v1.0\;C:\Windows\System32\OpenSSH\;C:\Program Files (x86)\NVIDIA Corporation\PhysX\Common;C:\Program Files\NVIDIA Corporation\NVIDIA NvDLISR;C:\WINDOWS\system32;C:\WINDOWS;C:\WINDOWS\System32\Wbem;C:\WINDOWS\System32\WindowsPowerShell\v1.0\;C:\WINDOWS\System32\OpenSSH\;C:\Program Files\Git\cmd;C:\xampp\php;C:\Program Files (x86)\EasyFrom Inc\;C:\Users\ripal\AppData\Local\Programs\Python\Python311\Scripts\;C:\Users\ripal\AppData\Local\Programs\Python\Python311\;C:\Users\ripal\AppData\Local\Microsoft\WindowsApps;C:\Users\ripal\AppData\Local\Programs\Microsoft VS Code\bin;C:\Users\ripal\AppData\Local\GitHubDesktop\bin;C:\Program Files\JetBrains\PyCharm Community Edition 2022.3.1\bin;;C:\Users\ripal\AppData\Roaming\Composer\vendor\bin
USERNAME=ripal
OS=Windows_NT
PROCESSOR_IDENTIFIER=Intel64 Family 6 Model 165 Stepping 2, GenuineIntel



---------------  S Y S T E M  ---------------

OS: Windows 10.0 , 64 bit Build 22621 (10.0.22621.1778)

CPU:total 8 (initial active 8) (4 cores per cpu, 2 threads per core) family 6 model 165 stepping 2, cmov, cx8, fxsr, mmx, sse, sse2, sse3, ssse3, sse4.1, sse4.2, popcnt, avx, avx2, aes, clmul, erms, 3dnowpref, lzcnt, ht, tsc, tscinvbit, bmi1, bmi2, adx

Memory: 4k page, physical 8221704k(323900k free), swap 33387528k(0k free)

vm_info: Java HotSpot(TM) 64-Bit Server VM (25.202-b08) for windows-amd64 JRE (1.8.0_202-b08), built on Dec 15 2018 19:54:30 by "java_re" with MS VC++ 10.0 (VS2010)

time: Sat Jul 01 15:14:08 2023
timezone: SE Asia Standard Time
elapsed time: 168 seconds (0d 0h 2m 48s)

